<?xml version="1.0" encoding="UTF-8"?>
<!-- Generated by org.testng.reporters.JUnitReportReporter -->
<testsuite hostname="LAPTOP-7KET18T6" failures="0" tests="1" name="com.API.Testing.HttpPatchServer" time="1.484" errors="0" timestamp="06 Nov 2024 17:18:26 GMT" skipped="0">
  <testcase classname="com.API.Testing.HttpPatchServer" name="getPatch" time="1.484"/>
</testsuite> <!-- com.API.Testing.HttpPatchServer -->
