<?xml version="1.0" encoding="UTF-8"?>
<!-- Generated by org.testng.reporters.JUnitReportReporter -->
<testsuite hostname="LAPTOP-7KET18T6" failures="0" tests="1" name="com.API.Testing.HttpPostMethodServerTest" time="1.355" errors="0" timestamp="06 Nov 2024 17:08:05 GMT" skipped="0">
  <testcase classname="com.API.Testing.HttpPostMethodServerTest" name="getPost" time="1.355"/>
</testsuite> <!-- com.API.Testing.HttpPostMethodServerTest -->
