<?xml version="1.0" encoding="UTF-8"?>
<!-- Generated by org.testng.reporters.JUnitReportReporter -->
<testsuite hostname="LAPTOP-7KET18T6" failures="0" tests="7" name="com.runner.SwagRunnerForAllFeature" time="0.265" errors="0" timestamp="26 Oct 2024 15:10:57 GMT" skipped="0">
  <testcase classname="com.runner.SwagRunnerForAllFeature" name="runScenario" time="0.170"/>
  <testcase classname="com.runner.SwagRunnerForAllFeature" name="runScenario" time="0.012"/>
  <testcase classname="com.runner.SwagRunnerForAllFeature" name="runScenario" time="0.022"/>
  <testcase classname="com.runner.SwagRunnerForAllFeature" name="runScenario" time="0.012"/>
  <testcase classname="com.runner.SwagRunnerForAllFeature" name="runScenario" time="0.013"/>
  <testcase classname="com.runner.SwagRunnerForAllFeature" name="runScenario" time="0.013"/>
  <testcase classname="com.runner.SwagRunnerForAllFeature" name="runScenario" time="0.023"/>
</testsuite> <!-- com.runner.SwagRunnerForAllFeature -->
