<?xml version="1.0" encoding="UTF-8"?>
<!-- Generated by org.testng.reporters.JUnitReportReporter -->
<testsuite hostname="LAPTOP-7KET18T6" failures="0" tests="7" name="com.runner.SwagRunnerForAllFeature" time="0.306" errors="0" timestamp="23 Oct 2024 17:12:11 GMT" skipped="0">
  <testcase classname="com.runner.SwagRunnerForAllFeature" name="runScenario" time="0.173"/>
  <testcase classname="com.runner.SwagRunnerForAllFeature" name="runScenario" time="0.032"/>
  <testcase classname="com.runner.SwagRunnerForAllFeature" name="runScenario" time="0.018"/>
  <testcase classname="com.runner.SwagRunnerForAllFeature" name="runScenario" time="0.027"/>
  <testcase classname="com.runner.SwagRunnerForAllFeature" name="runScenario" time="0.018"/>
  <testcase classname="com.runner.SwagRunnerForAllFeature" name="runScenario" time="0.019"/>
  <testcase classname="com.runner.SwagRunnerForAllFeature" name="runScenario" time="0.019"/>
</testsuite> <!-- com.runner.SwagRunnerForAllFeature -->
