<?xml version="1.0" encoding="UTF-8"?>
<!-- Generated by org.testng.reporters.JUnitReportReporter -->
<testsuite hostname="LAPTOP-7KET18T6" failures="0" tests="4" name="com.API.Testing.HttpGetMethodServerTesting" time="0.017" errors="0" timestamp="06 Nov 2024 15:37:55 GMT" skipped="0">
  <testcase classname="com.API.Testing.HttpGetMethodServerTesting" name="getresponseBodyNotNull" time="0.007"/>
  <testcase classname="com.API.Testing.HttpGetMethodServerTesting" name="getStatuscode" time="0.003"/>
  <testcase classname="com.API.Testing.HttpGetMethodServerTesting" name="getResponseTime" time="0.005"/>
  <testcase classname="com.API.Testing.HttpGetMethodServerTesting" name="getContentType" time="0.002"/>
</testsuite> <!-- com.API.Testing.HttpGetMethodServerTesting -->
