<?xml version="1.0" encoding="UTF-8"?>
<!-- Generated by org.testng.reporters.JUnitReportReporter -->
<testsuite hostname="LAPTOP-7KET18T6" failures="0" tests="1" name="com.runner.HookRunner" time="0.014" errors="0" timestamp="25 Oct 2024 17:05:48 GMT" skipped="0">
  <testcase classname="com.runner.HookRunner" name="runScenario" time="0.014"/>
</testsuite> <!-- com.runner.HookRunner -->
