<?xml version="1.0" encoding="UTF-8"?>
<!-- Generated by org.testng.reporters.JUnitReportReporter -->
<testsuite hostname="LAPTOP-7KET18T6" failures="0" tests="7" name="com.runner.SwagRunnerForAllFeature" time="0.260" errors="0" timestamp="23 Oct 2024 17:12:50 GMT" skipped="0">
  <testcase classname="com.runner.SwagRunnerForAllFeature" name="runScenario" time="0.014"/>
  <testcase classname="com.runner.SwagRunnerForAllFeature" name="runScenario" time="0.018"/>
  <testcase classname="com.runner.SwagRunnerForAllFeature" name="runScenario" time="0.015"/>
  <testcase classname="com.runner.SwagRunnerForAllFeature" name="runScenario" time="0.033"/>
  <testcase classname="com.runner.SwagRunnerForAllFeature" name="runScenario" time="0.016"/>
  <testcase classname="com.runner.SwagRunnerForAllFeature" name="runScenario" time="0.155"/>
  <testcase classname="com.runner.SwagRunnerForAllFeature" name="runScenario" time="0.009"/>
</testsuite> <!-- com.runner.SwagRunnerForAllFeature -->
